2019-05-24 00:10:45,495 INFO org.springframework.boot.StartupInfoLogger [main] Starting TradingAppApplication on DESKTOP-GR6TDTL with PID 17800 (D:\Trading_Repository\tradingApp\target\classes started by Yasser in D:\Trading_Repository\tradingApp)
2019-05-24 00:10:45,498 INFO org.springframework.boot.SpringApplication [main] No active profile set, falling back to default profiles: default
2019-05-24 00:10:47,264 INFO org.springframework.data.repository.config.RepositoryConfigurationDelegate [main] Bootstrapping Spring Data repositories in DEFAULT mode.
2019-05-24 00:10:47,304 INFO org.springframework.data.repository.config.RepositoryConfigurationDelegate [main] Finished Spring Data repository scanning in 27ms. Found 0 repository interfaces.
2019-05-24 00:10:47,939 INFO org.springframework.context.support.PostProcessorRegistrationDelegate$BeanPostProcessorChecker [main] Bean 'org.springframework.transaction.annotation.ProxyTransactionManagementConfiguration' of type [org.springframework.transaction.annotation.ProxyTransactionManagementConfiguration$$EnhancerBySpringCGLIB$$5e440a6a] is not eligible for getting processed by all BeanPostProcessors (for example: not eligible for auto-proxying)
2019-05-24 00:10:48,588 INFO org.springframework.boot.web.embedded.tomcat.TomcatWebServer [main] Tomcat initialized with port(s): 8080 (http)
2019-05-24 00:10:48,613 INFO org.apache.juli.logging.DirectJDKLog [main] Initializing ProtocolHandler ["http-nio-8080"]
2019-05-24 00:10:48,627 INFO org.apache.juli.logging.DirectJDKLog [main] Starting service [Tomcat]
2019-05-24 00:10:48,628 INFO org.apache.juli.logging.DirectJDKLog [main] Starting Servlet engine: [Apache Tomcat/9.0.19]
2019-05-24 00:10:48,907 INFO org.apache.juli.logging.DirectJDKLog [main] Initializing Spring embedded WebApplicationContext
2019-05-24 00:10:48,908 INFO org.springframework.boot.web.servlet.context.ServletWebServerApplicationContext [main] Root WebApplicationContext: initialization completed in 3344 ms
2019-05-24 00:10:49,658 INFO com.zaxxer.hikari.HikariDataSource [main] HikariPool-1 - Starting...
2019-05-24 00:10:59,172 INFO com.zaxxer.hikari.HikariDataSource [main] HikariPool-1 - Start completed.
2019-05-24 00:10:59,291 INFO org.hibernate.jpa.internal.util.LogHelper [main] HHH000204: Processing PersistenceUnitInfo [
	name: default
	...]
2019-05-24 00:10:59,529 INFO org.hibernate.Version [main] HHH000412: Hibernate Core {5.3.10.Final}
2019-05-24 00:10:59,538 INFO org.hibernate.cfg.Environment [main] HHH000205: Loaded properties from resource hibernate.properties: {spring.jpa.hibernate.show-sql=true, hibernate.bytecode.use_reflection_optimizer=false, spring.jpa.hibernate.ddl-auto=none}
2019-05-24 00:10:59,807 INFO org.hibernate.annotations.common.reflection.java.JavaReflectionManager [main] HCANN000001: Hibernate Commons Annotations {5.0.4.Final}
2019-05-24 00:11:00,229 INFO org.hibernate.dialect.Dialect [main] HHH000400: Using dialect: org.hibernate.dialect.MySQL5Dialect
2019-05-24 00:11:00,920 INFO org.hibernate.tuple.entity.EntityMetamodel [main] HHH000157: Lazy property fetching available for: com.trading.app.entity.UserProfile
2019-05-24 00:11:00,926 INFO org.hibernate.tuple.entity.EntityMetamodel [main] HHH000157: Lazy property fetching available for: com.trading.app.entity.UserOffer
2019-05-24 00:11:00,929 INFO org.hibernate.tuple.entity.EntityMetamodel [main] HHH000157: Lazy property fetching available for: com.trading.app.entity.LookupGroup
2019-05-24 00:11:00,931 INFO org.hibernate.tuple.entity.EntityMetamodel [main] HHH000157: Lazy property fetching available for: com.trading.app.entity.Item
2019-05-24 00:11:01,103 INFO org.springframework.orm.jpa.AbstractEntityManagerFactoryBean [main] Initialized JPA EntityManagerFactory for persistence unit 'default'
2019-05-24 00:11:01,726 WARN org.springframework.boot.autoconfigure.orm.jpa.JpaBaseConfiguration$JpaWebConfiguration$JpaWebMvcConfiguration [main] spring.jpa.open-in-view is enabled by default. Therefore, database queries may be performed during view rendering. Explicitly configure spring.jpa.open-in-view to disable this warning
2019-05-24 00:11:01,963 INFO org.springframework.boot.actuate.endpoint.web.EndpointLinksResolver [main] Exposing 2 endpoint(s) beneath base path '/actuator'
2019-05-24 00:11:02,158 INFO springfox.documentation.spring.web.PropertySourcedRequestMappingHandlerMapping [main] Mapped URL path [/v2/api-docs] onto method [public org.springframework.http.ResponseEntity<springfox.documentation.spring.web.json.Json> springfox.documentation.swagger2.web.Swagger2Controller.getDocumentation(java.lang.String,javax.servlet.http.HttpServletRequest)]
2019-05-24 00:11:02,648 INFO org.springframework.scheduling.concurrent.ExecutorConfigurationSupport [main] Initializing ExecutorService 'applicationTaskExecutor'
2019-05-24 00:11:03,169 INFO springfox.documentation.spring.web.plugins.DocumentationPluginsBootstrapper [main] Context refreshed
2019-05-24 00:11:03,207 INFO springfox.documentation.spring.web.plugins.DocumentationPluginsBootstrapper [main] Found 1 custom documentation plugin(s)
2019-05-24 00:11:03,253 INFO springfox.documentation.spring.web.scanners.ApiListingReferenceScanner [main] Scanning for api listing references
2019-05-24 00:11:03,456 INFO org.apache.juli.logging.DirectJDKLog [main] Starting ProtocolHandler ["http-nio-8080"]
2019-05-24 00:11:03,477 INFO org.springframework.boot.web.embedded.tomcat.TomcatWebServer [main] Tomcat started on port(s): 8080 (http) with context path ''
2019-05-24 00:11:03,480 INFO org.springframework.boot.StartupInfoLogger [main] Started TradingAppApplication in 18.517 seconds (JVM running for 18.998)
2019-05-24 00:11:20,739 INFO org.apache.juli.logging.DirectJDKLog [http-nio-8080-exec-1] Initializing Spring DispatcherServlet 'dispatcherServlet'
2019-05-24 00:11:20,740 INFO org.springframework.web.servlet.FrameworkServlet [http-nio-8080-exec-1] Initializing Servlet 'dispatcherServlet'
2019-05-24 00:11:20,748 INFO org.springframework.web.servlet.FrameworkServlet [http-nio-8080-exec-1] Completed initialization in 8 ms
2019-05-24 00:11:20,980 INFO com.trading.app.controller.UserProfileResource [http-nio-8080-exec-1] An INFO Message
2019-05-24 00:11:20,981 WARN com.trading.app.controller.UserProfileResource [http-nio-8080-exec-1] A WARN Message
2019-05-24 00:11:20,981 ERROR com.trading.app.controller.UserProfileResource [http-nio-8080-exec-1] An ERROR Message
